<?xml version="1.0" encoding="UTF-8"?>
<!-- Generated by org.testng.reporters.JUnitReportReporter -->
<testsuite hostname="DESKTOP-CNFO6D6" failures="0" tests="2" name="Annotations.Test3" time="0.018" errors="0" timestamp="2021-06-11T10:06:30 IST" skipped="0">
  <testcase classname="Annotations.Test3" name="testMethod1" time="0.015"/>
  <system-out/>
  <testcase classname="Annotations.Test3" name="testMethod2" time="0.003"/>
  <system-out/>
</testsuite> <!-- Annotations.Test3 -->
