<?xml version="1.0" encoding="UTF-8"?>
<!-- Generated by org.testng.reporters.JUnitReportReporter -->
<testsuite hostname="DESKTOP-CNFO6D6" failures="0" tests="2" name="Annotations.BM" time="0.083" errors="0" timestamp="2021-06-11T10:07:04 IST" skipped="0">
  <testcase classname="Annotations.BM" name="testMethod1" time="0.073"/>
  <system-out/>
  <testcase classname="Annotations.BM" name="testMethod2" time="0.010"/>
  <system-out/>
</testsuite> <!-- Annotations.BM -->
