<?xml version="1.0" encoding="UTF-8"?>
<!-- Generated by org.testng.reporters.JUnitReportReporter -->
<testsuite hostname="DESKTOP-CNFO6D6" failures="0" tests="1" name="Parameters.Parameterized" time="0.018" errors="0" timestamp="2021-06-13T18:42:33 IST" skipped="0">
  <testcase classname="Parameters.Parameterized" name="parameterTest" time="0.018"/>
  <system-out/>
</testsuite> <!-- Parameters.Parameterized -->
