<?xml version="1.0" encoding="UTF-8"?>
<!-- Generated by org.testng.reporters.JUnitReportReporter -->
<testsuite hostname="DESKTOP-CNFO6D6" failures="0" tests="7" name="Annotations.GTest" time="0.091" errors="0" timestamp="2021-06-11T10:24:17 IST" skipped="0">
  <testcase classname="Annotations.GTest" name="f6" time="0.008"/>
  <system-out/>
  <testcase classname="Annotations.GTest" name="f1" time="0.044"/>
  <system-out/>
  <testcase classname="Annotations.GTest" name="f4" time="0.009"/>
  <system-out/>
  <testcase classname="Annotations.GTest" name="f5" time="0.007"/>
  <system-out/>
  <testcase classname="Annotations.GTest" name="f2" time="0.004"/>
  <system-out/>
  <testcase classname="Annotations.GTest" name="f7" time="0.011"/>
  <system-out/>
  <testcase classname="Annotations.GTest" name="f3" time="0.008"/>
  <system-out/>
</testsuite> <!-- Annotations.GTest -->
