<?xml version="1.0" encoding="UTF-8"?>
<!-- Generated by org.testng.reporters.JUnitReportReporter -->
<testsuite hostname="DESKTOP-CNFO6D6" failures="0" tests="2" name="Annotations.BT" time="0.040" errors="0" timestamp="2021-06-11T10:11:03 IST" skipped="0">
  <testcase classname="Annotations.BT" name="testMethod1" time="0.028"/>
  <system-out/>
  <testcase classname="Annotations.BT" name="testMethod2" time="0.012"/>
  <system-out/>
</testsuite> <!-- Annotations.BT -->
