<?xml version="1.0" encoding="UTF-8"?>
<!-- Generated by org.testng.reporters.JUnitReportReporter -->
<testsuite hostname="DESKTOP-CNFO6D6" failures="0" tests="4" name="Annotations.Test1" time="0.046" errors="0" timestamp="2021-06-11T10:16:46 IST" skipped="1">
  <testcase classname="Annotations.Test1" name="Login" time="0.033"/>
  <system-out/>
  <testcase classname="Annotations.Test1" name="inbox" time="0.006"/>
  <system-out/>
  <testcase classname="Annotations.Test1" name="sendMails" time="0.007"/>
  <system-out/>
  <testcase classname="Annotations.Test1" name="Logout">
    <skipped/>
  </testcase> <!-- Logout -->
  <system-out/>
</testsuite> <!-- Annotations.Test1 -->
